DEVELOPMENT: Starting the options retrieval process! ðŸš€
Traceback (most recent call last):
  File "/Users/chris/projects/stock-o-matic/src/call_dotnet_api.py", line 113, in <module>
    write_message("Starting the options retrieval process! ðŸš€", True)
  File "/Users/chris/projects/stock-o-matic/src/call_dotnet_api.py", line 34, in write_message
    requests.post(f'{url}/Log/Info', json={'message': envPrependedMessage})
  File "/usr/local/lib/python3.9/site-packages/requests/api.py", line 119, in post
    return request('post', url, data=data, json=json, **kwargs)
  File "/usr/local/lib/python3.9/site-packages/requests/api.py", line 61, in request
    return session.request(method=method, url=url, **kwargs)
  File "/usr/local/lib/python3.9/site-packages/requests/sessions.py", line 528, in request
    prep = self.prepare_request(req)
  File "/usr/local/lib/python3.9/site-packages/requests/sessions.py", line 456, in prepare_request
    p.prepare(
  File "/usr/local/lib/python3.9/site-packages/requests/models.py", line 316, in prepare
    self.prepare_url(url, params)
  File "/usr/local/lib/python3.9/site-packages/requests/models.py", line 390, in prepare_url
    raise MissingSchema(error)
requests.exceptions.MissingSchema: Invalid URL 'None/Log/Info': No schema supplied. Perhaps you meant http://None/Log/Info?
DEVELOP: Starting the options retrieval process! ðŸš€
Traceback (most recent call last):
  File "/usr/local/lib/python3.9/site-packages/urllib3/connection.py", line 169, in _new_conn
    conn = connection.create_connection(
  File "/usr/local/lib/python3.9/site-packages/urllib3/util/connection.py", line 96, in create_connection
    raise err
  File "/usr/local/lib/python3.9/site-packages/urllib3/util/connection.py", line 86, in create_connection
    sock.connect(sa)
ConnectionRefusedError: [Errno 61] Connection refused

During handling of the above exception, another exception occurred:

Traceback (most recent call last):
  File "/usr/local/lib/python3.9/site-packages/urllib3/connectionpool.py", line 699, in urlopen
    httplib_response = self._make_request(
  File "/usr/local/lib/python3.9/site-packages/urllib3/connectionpool.py", line 394, in _make_request
    conn.request(method, url, **httplib_request_kw)
  File "/usr/local/lib/python3.9/site-packages/urllib3/connection.py", line 234, in request
    super(HTTPConnection, self).request(method, url, body=body, headers=headers)
  File "/usr/local/Cellar/python@3.9/3.9.1_8/Frameworks/Python.framework/Versions/3.9/lib/python3.9/http/client.py", line 1255, in request
    self._send_request(method, url, body, headers, encode_chunked)
  File "/usr/local/Cellar/python@3.9/3.9.1_8/Frameworks/Python.framework/Versions/3.9/lib/python3.9/http/client.py", line 1301, in _send_request
    self.endheaders(body, encode_chunked=encode_chunked)
  File "/usr/local/Cellar/python@3.9/3.9.1_8/Frameworks/Python.framework/Versions/3.9/lib/python3.9/http/client.py", line 1250, in endheaders
    self._send_output(message_body, encode_chunked=encode_chunked)
  File "/usr/local/Cellar/python@3.9/3.9.1_8/Frameworks/Python.framework/Versions/3.9/lib/python3.9/http/client.py", line 1010, in _send_output
    self.send(msg)
  File "/usr/local/Cellar/python@3.9/3.9.1_8/Frameworks/Python.framework/Versions/3.9/lib/python3.9/http/client.py", line 950, in send
    self.connect()
  File "/usr/local/lib/python3.9/site-packages/urllib3/connection.py", line 200, in connect
    conn = self._new_conn()
  File "/usr/local/lib/python3.9/site-packages/urllib3/connection.py", line 181, in _new_conn
    raise NewConnectionError(
urllib3.exceptions.NewConnectionError: <urllib3.connection.HTTPConnection object at 0x1044683d0>: Failed to establish a new connection: [Errno 61] Connection refused

During handling of the above exception, another exception occurred:

Traceback (most recent call last):
  File "/usr/local/lib/python3.9/site-packages/requests/adapters.py", line 439, in send
    resp = conn.urlopen(
  File "/usr/local/lib/python3.9/site-packages/urllib3/connectionpool.py", line 755, in urlopen
    retries = retries.increment(
  File "/usr/local/lib/python3.9/site-packages/urllib3/util/retry.py", line 573, in increment
    raise MaxRetryError(_pool, url, error or ResponseError(cause))
urllib3.exceptions.MaxRetryError: HTTPConnectionPool(host='localhost', port=5000): Max retries exceeded with url: /Log/Info (Caused by NewConnectionError('<urllib3.connection.HTTPConnection object at 0x1044683d0>: Failed to establish a new connection: [Errno 61] Connection refused'))

During handling of the above exception, another exception occurred:

Traceback (most recent call last):
  File "/Users/chris/projects/stock-o-matic/src/call_dotnet_api.py", line 113, in <module>
    write_message("Starting the options retrieval process! ðŸš€", True)
  File "/Users/chris/projects/stock-o-matic/src/call_dotnet_api.py", line 34, in write_message
    requests.post(f'{url}/Log/Info', json={'message': envPrependedMessage})
  File "/usr/local/lib/python3.9/site-packages/requests/api.py", line 119, in post
    return request('post', url, data=data, json=json, **kwargs)
  File "/usr/local/lib/python3.9/site-packages/requests/api.py", line 61, in request
    return session.request(method=method, url=url, **kwargs)
  File "/usr/local/lib/python3.9/site-packages/requests/sessions.py", line 542, in request
    resp = self.send(prep, **send_kwargs)
  File "/usr/local/lib/python3.9/site-packages/requests/sessions.py", line 655, in send
    r = adapter.send(request, **kwargs)
  File "/usr/local/lib/python3.9/site-packages/requests/adapters.py", line 516, in send
    raise ConnectionError(e, request=request)
requests.exceptions.ConnectionError: HTTPConnectionPool(host='localhost', port=5000): Max retries exceeded with url: /Log/Info (Caused by NewConnectionError('<urllib3.connection.HTTPConnection object at 0x1044683d0>: Failed to establish a new connection: [Errno 61] Connection refused'))
DEVELOP: Starting the options retrieval process! ðŸš€
DEVELOP: 1 of 503...
DEVELOP: 20
DEVELOP: MMM done!
DEVELOP: 2 of 503...
DEVELOP: 20
DEVELOP: ABT done!
DEVELOP: 3 of 503...
DEVELOP: 20
DEVELOP: ABBV done!
DEVELOP: 4 of 503...
DEVELOP: 20
DEVELOP: ABMD done!
DEVELOP: 5 of 503...
DEVELOP: 20
DEVELOP: ACN done!
DEVELOP: 6 of 503...
DEVELOP: 20
DEVELOP: ATVI done!
DEVELOP: 7 of 503...
DEVELOP: 20
DEVELOP: ADBE done!
DEVELOP: 8 of 503...
DEVELOP: 20
DEVELOP: AMD done!
DEVELOP: 9 of 503...
DEVELOP: 17
DEVELOP: AAP done!
DEVELOP: 10 of 503...
DEVELOP: 13
DEVELOP: AES done!
DEVELOP: 11 of 503...
DEVELOP: 20
DEVELOP: AFL done!
DEVELOP: 12 of 503...
DEVELOP: 16
DEVELOP: A done!
DEVELOP: 13 of 503...
DEVELOP: 14
DEVELOP: APD done!
DEVELOP: 14 of 503...
DEVELOP: 20
DEVELOP: AKAM done!
DEVELOP: 15 of 503...
DEVELOP: 20
DEVELOP: ALK done!
DEVELOP: 16 of 503...
DEVELOP: 20
DEVELOP: ALB done!
DEVELOP: 17 of 503...
DEVELOP: 7
DEVELOP: ARE done!
DEVELOP: 18 of 503...
DEVELOP: 20
DEVELOP: ALXN done!
DEVELOP: 19 of 503...
DEVELOP: 20
DEVELOP: ALGN done!
DEVELOP: 20 of 503...
DEVELOP: 7
DEVELOP: ALLE done!
DEVELOP: 21 of 503...
DEVELOP: 8
DEVELOP: LNT done!
DEVELOP: 22 of 503...
DEVELOP: 13
DEVELOP: ALL done!
DEVELOP: 23 of 503...
DEVELOP: 20
DEVELOP: GOOGL done!
DEVELOP: 24 of 503...
DEVELOP: 20
DEVELOP: GOOG done!
DEVELOP: 25 of 503...
DEVELOP: 20
DEVELOP: MO done!
DEVELOP: 26 of 503...
DEVELOP: 20
DEVELOP: AMZN done!
DEVELOP: 27 of 503...
DEVELOP: 4
DEVELOP: AMCR done!
DEVELOP: 28 of 503...
DEVELOP: 6
DEVELOP: AEE done!
DEVELOP: 29 of 503...
DEVELOP: 20
DEVELOP: AAL done!
DEVELOP: 30 of 503...
DEVELOP: 12
DEVELOP: AEP done!
DEVELOP: 31 of 503...
DEVELOP: 20
DEVELOP: AXP done!
DEVELOP: 32 of 503...
DEVELOP: 20
DEVELOP: AIG done!
DEVELOP: 33 of 503...
DEVELOP: 20
DEVELOP: AMT done!
DEVELOP: 34 of 503...
DEVELOP: 19
DEVELOP: AWK done!
DEVELOP: 35 of 503...
DEVELOP: 15
DEVELOP: AMP done!
DEVELOP: 36 of 503...
DEVELOP: 20
DEVELOP: ABC done!
DEVELOP: 37 of 503...
DEVELOP: 9
DEVELOP: AME done!
DEVELOP: 38 of 503...
DEVELOP: 20
DEVELOP: AMGN done!
DEVELOP: 39 of 503...
DEVELOP: 15
DEVELOP: APH done!
DEVELOP: 40 of 503...
DEVELOP: 20
DEVELOP: ADI done!
DEVELOP: 41 of 503...
DEVELOP: 20
DEVELOP: ANSS done!
DEVELOP: 42 of 503...
DEVELOP: 20
DEVELOP: ANTM done!
DEVELOP: 43 of 503...
DEVELOP: 10
DEVELOP: AON done!
DEVELOP: 44 of 503...
DEVELOP: 7
DEVELOP: AOS done!
DEVELOP: 45 of 503...
DEVELOP: 20
DEVELOP: APA done!
DEVELOP: 46 of 503...
DEVELOP: 20
DEVELOP: AAPL done!
DEVELOP: 47 of 503...
DEVELOP: 20
DEVELOP: AMAT done!
DEVELOP: 48 of 503...
DEVELOP: 20
DEVELOP: APTV done!
DEVELOP: 49 of 503...
DEVELOP: 20
DEVELOP: ADM done!
DEVELOP: 50 of 503...
DEVELOP: 20
DEVELOP: ANET done!
DEVELOP: 51 of 503...
DEVELOP: 8
DEVELOP: AJG done!
DEVELOP: 52 of 503...
DEVELOP: 10
DEVELOP: AIZ done!
DEVELOP: 53 of 503...
DEVELOP: 20
DEVELOP: T done!
DEVELOP: 54 of 503...
DEVELOP: 10
DEVELOP: ATO done!
DEVELOP: 55 of 503...
DEVELOP: 20
DEVELOP: ADSK done!
DEVELOP: 56 of 503...
DEVELOP: 20
DEVELOP: ADP done!
DEVELOP: 57 of 503...
DEVELOP: 20
DEVELOP: AZO done!
DEVELOP: 58 of 503...
DEVELOP: 15
DEVELOP: AVB done!
DEVELOP: 59 of 503...
DEVELOP: 17
DEVELOP: AVY done!
DEVELOP: 60 of 503...
DEVELOP: 14
DEVELOP: BKR done!
DEVELOP: 61 of 503...
DEVELOP: 15
DEVELOP: BLL done!
DEVELOP: 62 of 503...
DEVELOP: 20
DEVELOP: BAC done!
DEVELOP: 63 of 503...
DEVELOP: 20
DEVELOP: BK done!
DEVELOP: 64 of 503...
DEVELOP: 20
DEVELOP: BAX done!
DEVELOP: 65 of 503...
DEVELOP: 20
DEVELOP: BDX done!
DEVELOP: 66 of 503...
DEVELOP: 20
DEVELOP: BBY done!
DEVELOP: 67 of 503...
DEVELOP: 20
DEVELOP: BIO done!
DEVELOP: 68 of 503...
DEVELOP: 20
DEVELOP: BIIB done!
DEVELOP: 69 of 503...
DEVELOP: 20
DEVELOP: BLK done!
DEVELOP: 70 of 503...
DEVELOP: 20
DEVELOP: BA done!
DEVELOP: 71 of 503...
DEVELOP: 20
DEVELOP: BKNG done!
DEVELOP: 72 of 503...
DEVELOP: 13
DEVELOP: BWA done!
DEVELOP: 73 of 503...
DEVELOP: 13
DEVELOP: BXP done!
DEVELOP: 74 of 503...
DEVELOP: 20
DEVELOP: BSX done!
DEVELOP: 75 of 503...
DEVELOP: 20
DEVELOP: BMY done!
DEVELOP: 76 of 503...
DEVELOP: 20
DEVELOP: AVGO done!
DEVELOP: 77 of 503...
DEVELOP: 9
DEVELOP: BR done!
DEVELOP: 78 of 503...
DEVELOP: 11
DEVELOP: CHRW done!
DEVELOP: 79 of 503...
DEVELOP: 20
DEVELOP: COG done!
DEVELOP: 80 of 503...
DEVELOP: 19
DEVELOP: CDNS done!
DEVELOP: 81 of 503...
DEVELOP: 20
DEVELOP: CPB done!
DEVELOP: 82 of 503...
DEVELOP: 20
DEVELOP: COF done!
DEVELOP: 83 of 503...
DEVELOP: 20
DEVELOP: CAH done!
DEVELOP: 84 of 503...
DEVELOP: 20
DEVELOP: KMX done!
DEVELOP: 85 of 503...
DEVELOP: 20
DEVELOP: CCL done!
DEVELOP: 86 of 503...
DEVELOP: 19
DEVELOP: CARR done!
DEVELOP: 87 of 503...
DEVELOP: 16
DEVELOP: CTLT done!
DEVELOP: 88 of 503...
DEVELOP: 20
DEVELOP: CAT done!
DEVELOP: 89 of 503...
DEVELOP: 20
DEVELOP: CBOE done!
DEVELOP: 90 of 503...
DEVELOP: 9
DEVELOP: CBRE done!
DEVELOP: 91 of 503...
DEVELOP: 16
DEVELOP: CDW done!
DEVELOP: 92 of 503...
DEVELOP: 18
DEVELOP: CE done!
DEVELOP: 93 of 503...
DEVELOP: 20
DEVELOP: CNC done!
DEVELOP: 94 of 503...
DEVELOP: 20
DEVELOP: CNP done!
DEVELOP: 95 of 503...
DEVELOP: 12
DEVELOP: CERN done!
DEVELOP: 96 of 503...
DEVELOP: 20
DEVELOP: CF done!
DEVELOP: 97 of 503...
DEVELOP: 20
DEVELOP: SCHW done!
DEVELOP: 98 of 503...
DEVELOP: 20
DEVELOP: CHTR done!
DEVELOP: 99 of 503...
DEVELOP: 20
DEVELOP: CVX done!
DEVELOP: 100 of 503...
DEVELOP: 20
DEVELOP: CMG done!
DEVELOP: 101 of 503...
DEVELOP: 17
DEVELOP: CB done!
DEVELOP: 102 of 503...
DEVELOP: 8
DEVELOP: CHD done!
DEVELOP: 103 of 503...
DEVELOP: 20
DEVELOP: CI done!
DEVELOP: 104 of 503...
DEVELOP: 12
DEVELOP: CINF done!
DEVELOP: 105 of 503...
DEVELOP: 20
DEVELOP: CTAS done!
DEVELOP: 106 of 503...
DEVELOP: 20
DEVELOP: CSCO done!
DEVELOP: 107 of 503...
DEVELOP: 20
DEVELOP: C done!
DEVELOP: 108 of 503...
DEVELOP: 13
DEVELOP: CFG done!
DEVELOP: 109 of 503...
DEVELOP: 20
DEVELOP: CTXS done!
DEVELOP: 110 of 503...
DEVELOP: 20
DEVELOP: CLX done!
DEVELOP: 111 of 503...
DEVELOP: 20
DEVELOP: CME done!
DEVELOP: 112 of 503...
DEVELOP: 3
DEVELOP: CMS done!
DEVELOP: 113 of 503...
DEVELOP: 20
DEVELOP: KO done!
DEVELOP: 114 of 503...
DEVELOP: 20
DEVELOP: CTSH done!
DEVELOP: 115 of 503...
DEVELOP: 20
DEVELOP: CL done!
DEVELOP: 116 of 503...
DEVELOP: 20
DEVELOP: CMCSA done!
DEVELOP: 117 of 503...
DEVELOP: 19
DEVELOP: CMA done!
DEVELOP: 118 of 503...
DEVELOP: 20
DEVELOP: CAG done!
DEVELOP: 119 of 503...
DEVELOP: 20
DEVELOP: COP done!
DEVELOP: 120 of 503...
DEVELOP: 20
DEVELOP: ED done!
DEVELOP: 121 of 503...
DEVELOP: 20
DEVELOP: STZ done!
DEVELOP: 122 of 503...
DEVELOP: 16
DEVELOP: COO done!
DEVELOP: 123 of 503...
DEVELOP: 13
DEVELOP: CPRT done!
DEVELOP: 124 of 503...
DEVELOP: 20
DEVELOP: GLW done!
DEVELOP: 125 of 503...
DEVELOP: 17
DEVELOP: CTVA done!
DEVELOP: 126 of 503...
DEVELOP: 20
DEVELOP: COST done!
DEVELOP: 127 of 503...
DEVELOP: 16
DEVELOP: CCI done!
DEVELOP: 128 of 503...
DEVELOP: 20
DEVELOP: CSX done!
DEVELOP: 129 of 503...
DEVELOP: 20
DEVELOP: CMI done!
DEVELOP: 130 of 503...
DEVELOP: 20
DEVELOP: CVS done!
DEVELOP: 131 of 503...
DEVELOP: 20
DEVELOP: DHI done!
DEVELOP: 132 of 503...
DEVELOP: 15
DEVELOP: DHR done!
DEVELOP: 133 of 503...
DEVELOP: 20
DEVELOP: DRI done!
DEVELOP: 134 of 503...
DEVELOP: 16
DEVELOP: DVA done!
DEVELOP: 135 of 503...
DEVELOP: 20
DEVELOP: DE done!
DEVELOP: 136 of 503...
DEVELOP: 20
DEVELOP: DAL done!
DEVELOP: 137 of 503...
DEVELOP: 10
DEVELOP: XRAY done!
DEVELOP: 138 of 503...
DEVELOP: 20
DEVELOP: DVN done!
DEVELOP: 139 of 503...
DEVELOP: 20
DEVELOP: DXCM done!
DEVELOP: 140 of 503...
DEVELOP: 16
DEVELOP: FANG done!
DEVELOP: 141 of 503...
DEVELOP: 17
DEVELOP: DLR done!
DEVELOP: 142 of 503...
DEVELOP: 20
DEVELOP: DFS done!
DEVELOP: 143 of 503...
DEVELOP: 18
DEVELOP: DISCA done!
DEVELOP: 144 of 503...
DEVELOP: 14
DEVELOP: DISCK done!
DEVELOP: 145 of 503...
DEVELOP: 20
DEVELOP: DISH done!
DEVELOP: 146 of 503...
DEVELOP: 20
DEVELOP: DG done!
DEVELOP: 147 of 503...
DEVELOP: 20
DEVELOP: DLTR done!
DEVELOP: 148 of 503...
DEVELOP: 13
DEVELOP: D done!
DEVELOP: 149 of 503...
DEVELOP: 20
DEVELOP: DPZ done!
DEVELOP: 150 of 503...
DEVELOP: 10
DEVELOP: DOV done!
DEVELOP: 151 of 503...
DEVELOP: 20
DEVELOP: DOW done!
DEVELOP: 152 of 503...
DEVELOP: 11
DEVELOP: DTE done!
DEVELOP: 153 of 503...
DEVELOP: 15
DEVELOP: DUK done!
DEVELOP: 154 of 503...
DEVELOP: 4
DEVELOP: DRE done!
DEVELOP: 155 of 503...
DEVELOP: 20
DEVELOP: DD done!
DEVELOP: 156 of 503...
DEVELOP: 18
DEVELOP: DXC done!
DEVELOP: 157 of 503...
DEVELOP: 15
DEVELOP: EMN done!
DEVELOP: 158 of 503...
DEVELOP: 20
DEVELOP: ETN done!
DEVELOP: 159 of 503...
DEVELOP: 20
DEVELOP: EBAY done!
DEVELOP: 160 of 503...
DEVELOP: 14
DEVELOP: ECL done!
DEVELOP: 161 of 503...
DEVELOP: 9
DEVELOP: EIX done!
DEVELOP: 162 of 503...
DEVELOP: 20
DEVELOP: EW done!
DEVELOP: 163 of 503...
DEVELOP: 20
DEVELOP: EA done!
DEVELOP: 164 of 503...
DEVELOP: 20
DEVELOP: EMR done!
DEVELOP: 165 of 503...
DEVELOP: 20
DEVELOP: ENPH done!
DEVELOP: 166 of 503...
DEVELOP: 15
DEVELOP: ETR done!
DEVELOP: 167 of 503...
DEVELOP: 20
DEVELOP: EOG done!
DEVELOP: 168 of 503...
DEVELOP: 16
DEVELOP: EFX done!
DEVELOP: 169 of 503...
DEVELOP: 20
DEVELOP: EQIX done!
DEVELOP: 170 of 503...
DEVELOP: 12
DEVELOP: EQR done!
DEVELOP: 171 of 503...
DEVELOP: 14
DEVELOP: ESS done!
DEVELOP: 172 of 503...
DEVELOP: 17
DEVELOP: EL done!
DEVELOP: 173 of 503...
DEVELOP: 20
DEVELOP: ETSY done!
DEVELOP: 174 of 503...
DEVELOP: 5
DEVELOP: EVRG done!
DEVELOP: 175 of 503...
DEVELOP: 7
DEVELOP: ES done!
DEVELOP: 176 of 503...
DEVELOP: 13
DEVELOP: RE done!
DEVELOP: 177 of 503...
DEVELOP: 15
DEVELOP: EXC done!
DEVELOP: 178 of 503...
DEVELOP: 20
DEVELOP: EXPE done!
DEVELOP: 179 of 503...
DEVELOP: 7
DEVELOP: EXPD done!
DEVELOP: 180 of 503...
DEVELOP: 9
DEVELOP: EXR done!
DEVELOP: 181 of 503...
DEVELOP: 20
DEVELOP: XOM done!
DEVELOP: 182 of 503...
DEVELOP: 20
DEVELOP: FFIV done!
DEVELOP: 183 of 503...
DEVELOP: 20
DEVELOP: FB done!
DEVELOP: 184 of 503...
DEVELOP: 8
DEVELOP: FAST done!
DEVELOP: 185 of 503...
DEVELOP: 11
DEVELOP: FRT done!
DEVELOP: 186 of 503...
DEVELOP: 20
DEVELOP: FDX done!
DEVELOP: 187 of 503...
DEVELOP: 16
DEVELOP: FIS done!
DEVELOP: 188 of 503...
DEVELOP: 19
DEVELOP: FITB done!
DEVELOP: 189 of 503...
DEVELOP: 17
DEVELOP: FE done!
DEVELOP: 190 of 503...
DEVELOP: 13
DEVELOP: FRC done!
DEVELOP: 191 of 503...
DEVELOP: 20
DEVELOP: FISV done!
DEVELOP: 192 of 503...
DEVELOP: 17
DEVELOP: FLT done!
DEVELOP: 193 of 503...
DEVELOP: 3
DEVELOP: FLIR done!
DEVELOP: 194 of 503...
DEVELOP: 5
DEVELOP: FLS done!
DEVELOP: 195 of 503...
DEVELOP: 13
DEVELOP: FMC done!
DEVELOP: 196 of 503...
DEVELOP: 20
DEVELOP: F done!
DEVELOP: 197 of 503...
DEVELOP: 19
DEVELOP: FTNT done!
DEVELOP: 198 of 503...
DEVELOP: 7
DEVELOP: FTV done!
DEVELOP: 199 of 503...
DEVELOP: 17
DEVELOP: FBHS done!
DEVELOP: 200 of 503...
DEVELOP: 20
DEVELOP: FOXA done!
DEVELOP: 201 of 503...
DEVELOP: 3
DEVELOP: FOX done!
DEVELOP: 202 of 503...
DEVELOP: 8
DEVELOP: BEN done!
DEVELOP: 203 of 503...
DEVELOP: 20
DEVELOP: FCX done!
DEVELOP: 204 of 503...
DEVELOP: 20
DEVELOP: GPS done!
DEVELOP: 205 of 503...
DEVELOP: 16
DEVELOP: GRMN done!
DEVELOP: 206 of 503...
DEVELOP: 16
DEVELOP: IT done!
DEVELOP: 207 of 503...
DEVELOP: 20
DEVELOP: GD done!
DEVELOP: 208 of 503...
DEVELOP: 20
DEVELOP: GE done!
DEVELOP: 209 of 503...
DEVELOP: 10
DEVELOP: GIS done!
DEVELOP: 210 of 503...
DEVELOP: 20
DEVELOP: GM done!
DEVELOP: 211 of 503...
DEVELOP: 6
DEVELOP: GPC done!
DEVELOP: 212 of 503...
DEVELOP: 20
DEVELOP: GILD done!
DEVELOP: 213 of 503...
DEVELOP: 1
DEVELOP: GL done!
DEVELOP: 214 of 503...
DEVELOP: 8
DEVELOP: GPN done!
DEVELOP: 215 of 503...
DEVELOP: 20
DEVELOP: GS done!
DEVELOP: 216 of 503...
DEVELOP: 16
DEVELOP: GWW done!
DEVELOP: 217 of 503...
DEVELOP: 20
DEVELOP: HAL done!
DEVELOP: 218 of 503...
DEVELOP: 20
DEVELOP: HBI done!
DEVELOP: 219 of 503...
DEVELOP: 20
DEVELOP: HIG done!
DEVELOP: 220 of 503...
DEVELOP: 20
DEVELOP: HAS done!
DEVELOP: 221 of 503...
DEVELOP: 20
DEVELOP: HCA done!
DEVELOP: 222 of 503...
DEVELOP: 7
DEVELOP: PEAK done!
DEVELOP: 223 of 503...
DEVELOP: 8
DEVELOP: HSIC done!
DEVELOP: 224 of 503...
DEVELOP: 20
DEVELOP: HSY done!
DEVELOP: 225 of 503...
DEVELOP: 20
DEVELOP: HES done!
DEVELOP: 226 of 503...
DEVELOP: 15
DEVELOP: HPE done!
DEVELOP: 227 of 503...
DEVELOP: 19
DEVELOP: HLT done!
DEVELOP: 228 of 503...
DEVELOP: 20
DEVELOP: HFC done!
DEVELOP: 229 of 503...
DEVELOP: 11
DEVELOP: HOLX done!
DEVELOP: 230 of 503...
DEVELOP: 20
DEVELOP: HD done!
DEVELOP: 231 of 503...
DEVELOP: 20
DEVELOP: HON done!
DEVELOP: 232 of 503...
DEVELOP: 16
DEVELOP: HRL done!
DEVELOP: 233 of 503...
DEVELOP: 7
DEVELOP: HST done!
DEVELOP: 234 of 503...
DEVELOP: 12
DEVELOP: HWM done!
DEVELOP: 235 of 503...
DEVELOP: 20
DEVELOP: HPQ done!
DEVELOP: 236 of 503...
DEVELOP: 20
DEVELOP: HUM done!
DEVELOP: 237 of 503...
DEVELOP: 4
DEVELOP: HBAN done!
DEVELOP: 238 of 503...
DEVELOP: 16
DEVELOP: HII done!
DEVELOP: 239 of 503...
DEVELOP: 8
DEVELOP: IEX done!
DEVELOP: 240 of 503...
DEVELOP: 20
DEVELOP: IDXX done!
DEVELOP: 241 of 503...
DEVELOP: 5
DEVELOP: INFO done!
DEVELOP: 242 of 503...
DEVELOP: 20
DEVELOP: ITW done!
DEVELOP: 243 of 503...
DEVELOP: 20
DEVELOP: ILMN done!
DEVELOP: 244 of 503...
DEVELOP: 14
DEVELOP: INCY done!
DEVELOP: 245 of 503...
DEVELOP: 6
DEVELOP: IR done!
DEVELOP: 246 of 503...
DEVELOP: 20
DEVELOP: INTC done!
DEVELOP: 247 of 503...
DEVELOP: 11
DEVELOP: ICE done!
DEVELOP: 248 of 503...
DEVELOP: 20
DEVELOP: IBM done!
DEVELOP: 249 of 503...
DEVELOP: 20
DEVELOP: IP done!
DEVELOP: 250 of 503...
DEVELOP: 9
DEVELOP: IPG done!
DEVELOP: 251 of 503...
DEVELOP: 20
DEVELOP: IFF done!
DEVELOP: 252 of 503...
DEVELOP: 20
DEVELOP: INTU done!
DEVELOP: 253 of 503...
DEVELOP: 20
DEVELOP: ISRG done!
DEVELOP: 254 of 503...
DEVELOP: 13
DEVELOP: IVZ done!
DEVELOP: 255 of 503...
DEVELOP: 16
DEVELOP: IPGP done!
DEVELOP: 256 of 503...
DEVELOP: 8
DEVELOP: IQV done!
DEVELOP: 257 of 503...
DEVELOP: 8
DEVELOP: IRM done!
DEVELOP: 258 of 503...
DEVELOP: 18
DEVELOP: JKHY done!
DEVELOP: 259 of 503...
DEVELOP: 6
DEVELOP: J done!
DEVELOP: 260 of 503...
DEVELOP: 13
DEVELOP: JBHT done!
DEVELOP: 261 of 503...
DEVELOP: 13
DEVELOP: SJM done!
DEVELOP: 262 of 503...
DEVELOP: 20
DEVELOP: JNJ done!
DEVELOP: 263 of 503...
DEVELOP: 20
DEVELOP: JCI done!
DEVELOP: 264 of 503...
DEVELOP: 20
DEVELOP: JPM done!
DEVELOP: 265 of 503...
DEVELOP: 20
DEVELOP: JNPR done!
DEVELOP: 266 of 503...
DEVELOP: 20
DEVELOP: KSU done!
DEVELOP: 267 of 503...
DEVELOP: 10
DEVELOP: K done!
DEVELOP: 268 of 503...
DEVELOP: 20
DEVELOP: KEY done!
DEVELOP: 269 of 503...
DEVELOP: 15
DEVELOP: KEYS done!
DEVELOP: 270 of 503...
DEVELOP: 20
DEVELOP: KMB done!
DEVELOP: 271 of 503...
DEVELOP: 5
DEVELOP: KIM done!
DEVELOP: 272 of 503...
DEVELOP: 20
DEVELOP: KMI done!
DEVELOP: 273 of 503...
DEVELOP: 20
DEVELOP: KLAC done!
DEVELOP: 274 of 503...
DEVELOP: 20
DEVELOP: KHC done!
DEVELOP: 275 of 503...
DEVELOP: 20
DEVELOP: KR done!
DEVELOP: 276 of 503...
DEVELOP: 20
DEVELOP: LB done!
DEVELOP: 277 of 503...
DEVELOP: 15
DEVELOP: LHX done!
DEVELOP: 278 of 503...
DEVELOP: 10
DEVELOP: LH done!
DEVELOP: 279 of 503...
DEVELOP: 20
DEVELOP: LRCX done!
DEVELOP: 280 of 503...
DEVELOP: 7
DEVELOP: LW done!
DEVELOP: 281 of 503...
DEVELOP: 20
DEVELOP: LVS done!
DEVELOP: 282 of 503...
DEVELOP: 6
DEVELOP: LEG done!
DEVELOP: 283 of 503...
DEVELOP: 7
DEVELOP: LDOS done!
DEVELOP: 284 of 503...
DEVELOP: 20
DEVELOP: LEN done!
DEVELOP: 285 of 503...
DEVELOP: 20
DEVELOP: LLY done!
DEVELOP: 286 of 503...
DEVELOP: 14
DEVELOP: LNC done!
DEVELOP: 287 of 503...
DEVELOP: 12
DEVELOP: LIN done!
DEVELOP: 288 of 503...
DEVELOP: 20
DEVELOP: LYV done!
DEVELOP: 289 of 503...
DEVELOP: 4
DEVELOP: LKQ done!
DEVELOP: 290 of 503...
DEVELOP: 20
DEVELOP: LMT done!
DEVELOP: 291 of 503...
DEVELOP: 3
DEVELOP: L done!
DEVELOP: 292 of 503...
DEVELOP: 20
DEVELOP: LOW done!
DEVELOP: 293 of 503...
DEVELOP: 20
DEVELOP: LUMN done!
DEVELOP: 294 of 503...
DEVELOP: 20
DEVELOP: LYB done!
DEVELOP: 295 of 503...
DEVELOP: 18
DEVELOP: MTB done!
DEVELOP: 296 of 503...
DEVELOP: 20
DEVELOP: MRO done!
DEVELOP: 297 of 503...
DEVELOP: 20
DEVELOP: MPC done!
DEVELOP: 298 of 503...
DEVELOP: 19
DEVELOP: MKTX done!
DEVELOP: 299 of 503...
DEVELOP: 20
DEVELOP: MAR done!
DEVELOP: 300 of 503...
DEVELOP: 6
DEVELOP: MMC done!
DEVELOP: 301 of 503...
DEVELOP: 20
DEVELOP: MLM done!
DEVELOP: 302 of 503...
DEVELOP: 4
DEVELOP: MAS done!
DEVELOP: 303 of 503...
DEVELOP: 20
DEVELOP: MA done!
DEVELOP: 304 of 503...
DEVELOP: 10
DEVELOP: MKC done!
DEVELOP: 305 of 503...
DEVELOP: 9
DEVELOP: MXIM done!
DEVELOP: 306 of 503...
DEVELOP: 20
DEVELOP: MCD done!
DEVELOP: 307 of 503...
DEVELOP: 20
DEVELOP: MCK done!
DEVELOP: 308 of 503...
DEVELOP: 20
DEVELOP: MDT done!
DEVELOP: 309 of 503...
DEVELOP: 20
DEVELOP: MRK done!
DEVELOP: 310 of 503...
DEVELOP: 20
DEVELOP: MET done!
DEVELOP: 311 of 503...
DEVELOP: 20
DEVELOP: MTD done!
DEVELOP: 312 of 503...
DEVELOP: 20
DEVELOP: MGM done!
DEVELOP: 313 of 503...
DEVELOP: 20
DEVELOP: MCHP done!
DEVELOP: 314 of 503...
DEVELOP: 20
DEVELOP: MU done!
DEVELOP: 315 of 503...
DEVELOP: 20
DEVELOP: MSFT done!
DEVELOP: 316 of 503...
DEVELOP: 5
DEVELOP: MAA done!
DEVELOP: 317 of 503...
DEVELOP: 19
DEVELOP: MHK done!
DEVELOP: 318 of 503...
DEVELOP: 20
DEVELOP: TAP done!
DEVELOP: 319 of 503...
DEVELOP: 20
DEVELOP: MDLZ done!
DEVELOP: 320 of 503...
DEVELOP: 20
DEVELOP: MPWR done!
DEVELOP: 321 of 503...
DEVELOP: 20
DEVELOP: MNST done!
DEVELOP: 322 of 503...
DEVELOP: 10
DEVELOP: MCO done!
DEVELOP: 323 of 503...
DEVELOP: 20
DEVELOP: MS done!
DEVELOP: 324 of 503...
DEVELOP: 20
DEVELOP: MOS done!
DEVELOP: 325 of 503...
DEVELOP: 13
DEVELOP: MSI done!
DEVELOP: 326 of 503...
DEVELOP: 18
DEVELOP: MSCI done!
DEVELOP: 327 of 503...
DEVELOP: 15
DEVELOP: NDAQ done!
DEVELOP: 328 of 503...
DEVELOP: 20
DEVELOP: NTAP done!
DEVELOP: 329 of 503...
DEVELOP: 20
DEVELOP: NFLX done!
DEVELOP: 330 of 503...
DEVELOP: 9
DEVELOP: NWL done!
DEVELOP: 331 of 503...
DEVELOP: 20
DEVELOP: NEM done!
DEVELOP: 332 of 503...
DEVELOP: 7
DEVELOP: NWSA done!
DEVELOP: 333 of 503...
DEVELOP: 4
DEVELOP: NWS done!
DEVELOP: 334 of 503...
DEVELOP: 16
DEVELOP: NEE done!
DEVELOP: 335 of 503...
DEVELOP: 12
DEVELOP: NLSN done!
DEVELOP: 336 of 503...
DEVELOP: 20
DEVELOP: NKE done!
DEVELOP: 337 of 503...
DEVELOP: 7
DEVELOP: NI done!
DEVELOP: 338 of 503...
DEVELOP: 20
DEVELOP: NSC done!
DEVELOP: 339 of 503...
DEVELOP: 11
DEVELOP: NTRS done!
DEVELOP: 340 of 503...
DEVELOP: 20
DEVELOP: NOC done!
DEVELOP: 341 of 503...
DEVELOP: 9
DEVELOP: NLOK done!
DEVELOP: 342 of 503...
DEVELOP: 20
DEVELOP: NCLH done!
DEVELOP: 343 of 503...
DEVELOP: 18
DEVELOP: NOV done!
DEVELOP: 344 of 503...
DEVELOP: 20
DEVELOP: NRG done!
DEVELOP: 345 of 503...
DEVELOP: 20
DEVELOP: NUE done!
DEVELOP: 346 of 503...
DEVELOP: 20
DEVELOP: NVDA done!
DEVELOP: 347 of 503...
DEVELOP: 348 of 503...
DEVELOP: 18
DEVELOP: ORLY done!
DEVELOP: 349 of 503...
DEVELOP: 20
DEVELOP: OXY done!
DEVELOP: 350 of 503...
DEVELOP: 10
DEVELOP: ODFL done!
DEVELOP: 351 of 503...
DEVELOP: 14
DEVELOP: OMC done!
DEVELOP: 352 of 503...
DEVELOP: 20
DEVELOP: OKE done!
DEVELOP: 353 of 503...
DEVELOP: 20
DEVELOP: ORCL done!
DEVELOP: 354 of 503...
DEVELOP: 4
DEVELOP: OTIS done!
DEVELOP: 355 of 503...
DEVELOP: 14
DEVELOP: PCAR done!
DEVELOP: 356 of 503...
DEVELOP: 12
DEVELOP: PKG done!
DEVELOP: 357 of 503...
DEVELOP: 12
DEVELOP: PH done!
DEVELOP: 358 of 503...
DEVELOP: 12
DEVELOP: PAYX done!
DEVELOP: 359 of 503...
DEVELOP: 20
DEVELOP: PAYC done!
DEVELOP: 360 of 503...
DEVELOP: 20
DEVELOP: PYPL done!
DEVELOP: 361 of 503...
DEVELOP: 5
DEVELOP: PNR done!
DEVELOP: 362 of 503...
DEVELOP: 7
DEVELOP: PBCT done!
DEVELOP: 363 of 503...
DEVELOP: 20
DEVELOP: PEP done!
DEVELOP: 364 of 503...
DEVELOP: 16
DEVELOP: PKI done!
DEVELOP: 365 of 503...
DEVELOP: 6
DEVELOP: PRGO done!
DEVELOP: 366 of 503...
DEVELOP: 20
DEVELOP: PFE done!
DEVELOP: 367 of 503...
DEVELOP: 20
DEVELOP: PM done!
DEVELOP: 368 of 503...
DEVELOP: 20
DEVELOP: PSX done!
DEVELOP: 369 of 503...
DEVELOP: 5
DEVELOP: PNW done!
DEVELOP: 370 of 503...
DEVELOP: 20
DEVELOP: PXD done!
DEVELOP: 371 of 503...
DEVELOP: 20
DEVELOP: PNC done!
DEVELOP: 372 of 503...
DEVELOP: 17
DEVELOP: POOL done!
DEVELOP: 373 of 503...
DEVELOP: 20
DEVELOP: PPG done!
DEVELOP: 374 of 503...
DEVELOP: 7
DEVELOP: PPL done!
DEVELOP: 375 of 503...
DEVELOP: 7
DEVELOP: PFG done!
DEVELOP: 376 of 503...
DEVELOP: 20
DEVELOP: PG done!
DEVELOP: 377 of 503...
DEVELOP: 12
DEVELOP: PGR done!
DEVELOP: 378 of 503...
DEVELOP: 6
DEVELOP: PLD done!
DEVELOP: 379 of 503...
DEVELOP: 15
DEVELOP: PRU done!
DEVELOP: 380 of 503...
DEVELOP: 2
DEVELOP: PEG done!
DEVELOP: 381 of 503...
DEVELOP: 8
DEVELOP: PSA done!
DEVELOP: 382 of 503...
DEVELOP: 20
DEVELOP: PHM done!
DEVELOP: 383 of 503...
DEVELOP: 17
DEVELOP: PVH done!
DEVELOP: 384 of 503...
DEVELOP: 20
DEVELOP: QRVO done!
DEVELOP: 385 of 503...
DEVELOP: 9
DEVELOP: PWR done!
DEVELOP: 386 of 503...
DEVELOP: 20
DEVELOP: QCOM done!
DEVELOP: 387 of 503...
DEVELOP: 13
DEVELOP: DGX done!
DEVELOP: 388 of 503...
DEVELOP: 17
DEVELOP: RL done!
DEVELOP: 389 of 503...
DEVELOP: 9
DEVELOP: RJF done!
DEVELOP: 390 of 503...
DEVELOP: 20
DEVELOP: RTX done!
DEVELOP: 391 of 503...
DEVELOP: 11
DEVELOP: O done!
DEVELOP: 392 of 503...
DEVELOP: 4
DEVELOP: REG done!
DEVELOP: 393 of 503...
DEVELOP: 20
DEVELOP: REGN done!
DEVELOP: 394 of 503...
DEVELOP: 9
DEVELOP: RF done!
DEVELOP: 395 of 503...
DEVELOP: 5
DEVELOP: RSG done!
DEVELOP: 396 of 503...
DEVELOP: 13
DEVELOP: RMD done!
DEVELOP: 397 of 503...
DEVELOP: 7
DEVELOP: RHI done!
DEVELOP: 398 of 503...
DEVELOP: 14
DEVELOP: ROK done!
DEVELOP: 399 of 503...
DEVELOP: 2
DEVELOP: ROL done!
DEVELOP: 400 of 503...
DEVELOP: 16
DEVELOP: ROP done!
DEVELOP: 401 of 503...
DEVELOP: 20
DEVELOP: ROST done!
DEVELOP: 402 of 503...
DEVELOP: 20
DEVELOP: RCL done!
DEVELOP: 403 of 503...
DEVELOP: 20
DEVELOP: SPGI done!
DEVELOP: 404 of 503...
DEVELOP: 20
DEVELOP: CRM done!
DEVELOP: 405 of 503...
DEVELOP: 8
DEVELOP: SBAC done!
DEVELOP: 406 of 503...
DEVELOP: 20
DEVELOP: SLB done!
DEVELOP: 407 of 503...
DEVELOP: 20
DEVELOP: STX done!
DEVELOP: 408 of 503...
DEVELOP: 16
DEVELOP: SEE done!
DEVELOP: 409 of 503...
DEVELOP: 11
DEVELOP: SRE done!
DEVELOP: 410 of 503...
DEVELOP: 20
DEVELOP: NOW done!
DEVELOP: 411 of 503...
DEVELOP: 20
DEVELOP: SHW done!
DEVELOP: 412 of 503...
DEVELOP: 20
DEVELOP: SPG done!
DEVELOP: 413 of 503...
DEVELOP: 20
DEVELOP: SWKS done!
DEVELOP: 414 of 503...
DEVELOP: 13
DEVELOP: SLG done!
DEVELOP: 415 of 503...
DEVELOP: 9
DEVELOP: SNA done!
DEVELOP: 416 of 503...
DEVELOP: 20
DEVELOP: SO done!
DEVELOP: 417 of 503...
DEVELOP: 20
DEVELOP: LUV done!
DEVELOP: 418 of 503...
DEVELOP: 20
DEVELOP: SWK done!
DEVELOP: 419 of 503...
DEVELOP: 20
DEVELOP: SBUX done!
DEVELOP: 420 of 503...
DEVELOP: 16
DEVELOP: STT done!
DEVELOP: 421 of 503...
DEVELOP: 13
DEVELOP: STE done!
DEVELOP: 422 of 503...
DEVELOP: 8
DEVELOP: SYK done!
DEVELOP: 423 of 503...
DEVELOP: 20
DEVELOP: SIVB done!
DEVELOP: 424 of 503...
DEVELOP: 20
DEVELOP: SYF done!
DEVELOP: 425 of 503...
DEVELOP: 16
DEVELOP: SNPS done!
DEVELOP: 426 of 503...
DEVELOP: 20
DEVELOP: SYY done!
DEVELOP: 427 of 503...
DEVELOP: 20
DEVELOP: TMUS done!
DEVELOP: 428 of 503...
DEVELOP: 17
DEVELOP: TROW done!
DEVELOP: 429 of 503...
DEVELOP: 20
DEVELOP: TTWO done!
DEVELOP: 430 of 503...
DEVELOP: 20
DEVELOP: TPR done!
DEVELOP: 431 of 503...
DEVELOP: 20
DEVELOP: TGT done!
DEVELOP: 432 of 503...
DEVELOP: 14
DEVELOP: TEL done!
DEVELOP: 433 of 503...
DEVELOP: 17
DEVELOP: TDY done!
DEVELOP: 434 of 503...
DEVELOP: 13
DEVELOP: TFX done!
DEVELOP: 435 of 503...
DEVELOP: 19
DEVELOP: TER done!
DEVELOP: 436 of 503...
DEVELOP: 20
DEVELOP: TSLA done!
DEVELOP: 437 of 503...
DEVELOP: 20
DEVELOP: TXN done!
DEVELOP: 438 of 503...
DEVELOP: 4
DEVELOP: TXT done!
DEVELOP: 439 of 503...
DEVELOP: 20
DEVELOP: TMO done!
DEVELOP: 440 of 503...
DEVELOP: 20
DEVELOP: TJX done!
DEVELOP: 441 of 503...
DEVELOP: 20
DEVELOP: TSCO done!
DEVELOP: 442 of 503...
DEVELOP: 11
DEVELOP: TT done!
DEVELOP: 443 of 503...
DEVELOP: 20
DEVELOP: TDG done!
DEVELOP: 444 of 503...
DEVELOP: 15
DEVELOP: TRV done!
DEVELOP: 445 of 503...
DEVELOP: 9
DEVELOP: TRMB done!
DEVELOP: 446 of 503...
DEVELOP: 12
DEVELOP: TFC done!
DEVELOP: 447 of 503...
DEVELOP: 20
DEVELOP: TWTR done!
DEVELOP: 448 of 503...
DEVELOP: 20
DEVELOP: TYL done!
DEVELOP: 449 of 503...
DEVELOP: 20
DEVELOP: TSN done!
DEVELOP: 450 of 503...
DEVELOP: 2
DEVELOP: UDR done!
DEVELOP: 451 of 503...
DEVELOP: 20
DEVELOP: ULTA done!
DEVELOP: 452 of 503...
DEVELOP: 20
DEVELOP: USB done!
DEVELOP: 453 of 503...
DEVELOP: 20
DEVELOP: UAA done!
DEVELOP: 454 of 503...
DEVELOP: 20
DEVELOP: UA done!
DEVELOP: 455 of 503...
DEVELOP: 20
DEVELOP: UNP done!
DEVELOP: 456 of 503...
DEVELOP: 20
DEVELOP: UAL done!
DEVELOP: 457 of 503...
DEVELOP: 20
DEVELOP: UNH done!
DEVELOP: 458 of 503...
DEVELOP: 20
DEVELOP: UPS done!
DEVELOP: 459 of 503...
DEVELOP: 20
DEVELOP: URI done!
DEVELOP: 460 of 503...
DEVELOP: 14
DEVELOP: UHS done!
DEVELOP: 461 of 503...
DEVELOP: 5
DEVELOP: UNM done!
DEVELOP: 462 of 503...
DEVELOP: 20
DEVELOP: VLO done!
DEVELOP: 463 of 503...
DEVELOP: 0
DEVELOP: VAR done!
DEVELOP: 464 of 503...
DEVELOP: 10
DEVELOP: VTR done!
DEVELOP: 465 of 503...
DEVELOP: 14
DEVELOP: VRSN done!
DEVELOP: 466 of 503...
DEVELOP: 15
DEVELOP: VRSK done!
DEVELOP: 467 of 503...
DEVELOP: 20
DEVELOP: VZ done!
DEVELOP: 468 of 503...
DEVELOP: 20
DEVELOP: VRTX done!
DEVELOP: 469 of 503...
DEVELOP: 20
DEVELOP: VFC done!
DEVELOP: 470 of 503...
DEVELOP: 20
DEVELOP: VIAC done!
DEVELOP: 471 of 503...
DEVELOP: 17
DEVELOP: VTRS done!
DEVELOP: 472 of 503...
DEVELOP: 20
DEVELOP: V done!
DEVELOP: 473 of 503...
DEVELOP: 4
DEVELOP: VNT done!
DEVELOP: 474 of 503...
DEVELOP: 6
DEVELOP: VNO done!
DEVELOP: 475 of 503...
DEVELOP: 17
DEVELOP: VMC done!
DEVELOP: 476 of 503...
DEVELOP: 3
DEVELOP: WRB done!
DEVELOP: 477 of 503...
DEVELOP: 8
DEVELOP: WAB done!
DEVELOP: 478 of 503...
DEVELOP: 20
DEVELOP: WMT done!
DEVELOP: 479 of 503...
DEVELOP: 20
DEVELOP: WBA done!
DEVELOP: 480 of 503...
DEVELOP: 20
DEVELOP: DIS done!
DEVELOP: 481 of 503...
DEVELOP: 10
DEVELOP: WM done!
DEVELOP: 482 of 503...
DEVELOP: 13
DEVELOP: WAT done!
DEVELOP: 483 of 503...
DEVELOP: 6
DEVELOP: WEC done!
DEVELOP: 484 of 503...
DEVELOP: 20
DEVELOP: WFC done!
DEVELOP: 485 of 503...
DEVELOP: 14
DEVELOP: WELL done!
DEVELOP: 486 of 503...
DEVELOP: 10
DEVELOP: WST done!
DEVELOP: 487 of 503...
DEVELOP: 20
DEVELOP: WDC done!
DEVELOP: 488 of 503...
DEVELOP: 8
DEVELOP: WU done!
DEVELOP: 489 of 503...
DEVELOP: 12
DEVELOP: WRK done!
DEVELOP: 490 of 503...
DEVELOP: 20
DEVELOP: WY done!
DEVELOP: 491 of 503...
DEVELOP: 20
DEVELOP: WHR done!
DEVELOP: 492 of 503...
DEVELOP: 20
DEVELOP: WMB done!
DEVELOP: 493 of 503...
DEVELOP: 7
DEVELOP: WLTW done!
DEVELOP: 494 of 503...
DEVELOP: 20
DEVELOP: WYNN done!
DEVELOP: 495 of 503...
DEVELOP: 6
DEVELOP: XEL done!
DEVELOP: 496 of 503...
DEVELOP: 13
DEVELOP: XRX done!
DEVELOP: 497 of 503...
DEVELOP: 20
DEVELOP: XLNX done!
DEVELOP: 498 of 503...
DEVELOP: 8
DEVELOP: XYL done!
DEVELOP: 499 of 503...
DEVELOP: 20
DEVELOP: YUM done!
DEVELOP: 500 of 503...
DEVELOP: 20
DEVELOP: ZBRA done!
DEVELOP: 501 of 503...
DEVELOP: 12
DEVELOP: ZBH done!
DEVELOP: 502 of 503...
DEVELOP: 11
DEVELOP: ZION done!
DEVELOP: 503 of 503...
DEVELOP: 20
DEVELOP: ZTS done!
DEVELOP: Options retrieval complete!
DEVELOP: Failed tickers (0):
DEVELOP: 
DEVELOP: Total contracts stored: 8035
DEVELOP: Calling normalization endpoint...
DEVELOP: The normalization endpoint reported processing 8035 wheels!
DEVELOP: Calling random hundred endpoint...
DEVELOP: The random hundred endpoint reported processing 100 wheels!
DEVELOP: Cron complete. Total wheels in the database now: 8035
DEVELOP: Datetime complete set to: 2021-03-16T12:50:24.916Z
